<?xml version="1.0" encoding="UTF-8"?>
<!-- Generated by org.testng.reporters.JUnitXMLReporter -->
<testsuite ignored="1" hostname="DESKTOP-2LPG92S" failures="0" tests="4" name="Default test" time="44.853" errors="0" timestamp="2020-07-14T14:49:08 CEST">
  <testcase classname="SauceTC.SaucePageTest" name="verifyLogin" time="3.207"/>
  <testcase classname="SauceTC.SaucePageTest" name="VerifyErrorMessageWhenUserNameIsMisssing" time="3.289"/>
  <testcase classname="SauceTC.SaucePageTest" name="VerifyErrWhenPassMiss" time="3.375"/>
  <testcase classname="SauceTC.SaucePageTest" name="VerifyAddedItemIsDisplayed" time="28.707"/>
  <testcase classname="Base.BaseTest" name="@BeforeTest setUp" time="0.0">
    <ignored/>
  </testcase> <!-- @BeforeTest setUp -->
</testsuite> <!-- Default test -->
