<?xml version="1.0" encoding="UTF-8"?>
<!-- Generated by org.testng.reporters.JUnitXMLReporter -->
<testsuite ignored="0" hostname="DESKTOP-2LPG92S" failures="0" tests="3" name="Regression1" time="16.057" errors="0" timestamp="2020-07-14T13:04:15 CEST">
  <testcase classname="SauceTC.SaucePageTest" name="verifyLogin" time="3.211"/>
  <testcase classname="SauceTC.SaucePageTest" name="VerifyErrorMessageWhenUserNameIsMisssing" time="3.293"/>
  <testcase classname="SauceTC.SaucePageTest" name="VerifyErrWhenPassMiss" time="3.26"/>
</testsuite> <!-- Regression1 -->
