<?xml version="1.0" encoding="UTF-8"?>
<testng-results ignored="1" total="5" passed="4" failed="0" skipped="0">
  <reporter-output>
  </reporter-output>
  <suite started-at="2020-07-14T14:48:23 CEST" name="Default suite" finished-at="2020-07-14T14:49:08 CEST" duration-ms="44853">
    <groups>
    </groups>
    <test started-at="2020-07-14T14:48:23 CEST" name="Default test" finished-at="2020-07-14T14:49:08 CEST" duration-ms="44853">
      <class name="SauceTC.SaucePageTest">
        <test-method is-config="true" signature="setUp()[pri:0, instance:SauceTC.SaucePageTest@2928854b]" started-at="2020-07-14T14:48:23 CEST" name="setUp" finished-at="2020-07-14T14:48:29 CEST" duration-ms="6196" status="PASS">
          <reporter-output>
          </reporter-output>
        </test-method> <!-- setUp -->
        <test-method is-config="true" signature="loginTest()[pri:0, instance:SauceTC.SaucePageTest@2928854b]" started-at="2020-07-14T14:48:29 CEST" name="loginTest" finished-at="2020-07-14T14:48:29 CEST" duration-ms="24" status="PASS">
          <reporter-output>
          </reporter-output>
        </test-method> <!-- loginTest -->
        <test-method signature="verifyLogin()[pri:1, instance:SauceTC.SaucePageTest@2928854b]" started-at="2020-07-14T14:48:29 CEST" name="verifyLogin" finished-at="2020-07-14T14:48:33 CEST" duration-ms="3207" status="PASS">
          <reporter-output>
          </reporter-output>
        </test-method> <!-- verifyLogin -->
        <test-method signature="VerifyErrorMessageWhenUserNameIsMisssing()[pri:2, instance:SauceTC.SaucePageTest@2928854b]" started-at="2020-07-14T14:48:33 CEST" name="VerifyErrorMessageWhenUserNameIsMisssing" finished-at="2020-07-14T14:48:36 CEST" duration-ms="3289" status="PASS">
          <reporter-output>
          </reporter-output>
        </test-method> <!-- VerifyErrorMessageWhenUserNameIsMisssing -->
        <test-method signature="VerifyErrWhenPassMiss()[pri:3, instance:SauceTC.SaucePageTest@2928854b]" started-at="2020-07-14T14:48:36 CEST" name="VerifyErrWhenPassMiss" finished-at="2020-07-14T14:48:39 CEST" duration-ms="3375" status="PASS">
          <reporter-output>
          </reporter-output>
        </test-method> <!-- VerifyErrWhenPassMiss -->
        <test-method signature="VerifyAddedItemIsDisplayed()[pri:4, instance:SauceTC.SaucePageTest@2928854b]" started-at="2020-07-14T14:48:39 CEST" name="VerifyAddedItemIsDisplayed" finished-at="2020-07-14T14:49:08 CEST" duration-ms="28707" status="PASS">
          <reporter-output>
          </reporter-output>
        </test-method> <!-- VerifyAddedItemIsDisplayed -->
      </class> <!-- SauceTC.SaucePageTest -->
    </test> <!-- Default test -->
  </suite> <!-- Default suite -->
</testng-results>
